nohup: ignoring input
2021-01-05 23:06:12.697633: I tensorflow/stream_executor/platform/default/dso_loader.cc:44] Successfully opened dynamic library libnvinfer.so.6
2021-01-05 23:06:12.699300: I tensorflow/stream_executor/platform/default/dso_loader.cc:44] Successfully opened dynamic library libnvinfer_plugin.so.6
SNRNetwork
SNRo(
  (octavecons): ModuleList(
    (0): Conv_BN_ACT(
      (conv): OctaveConv(
        (downsample): AvgPool2d(kernel_size=(2, 2), stride=2, padding=0)
        (upsample): Upsample(scale_factor=2.0, mode=nearest)
        (conv_l2l): Conv2d(32, 32, kernel_size=(3, 3), stride=(1, 1), padding=(1, 1), bias=False)
        (conv_l2h): Conv2d(32, 32, kernel_size=(3, 3), stride=(1, 1), padding=(1, 1), bias=False)
        (conv_h2l): Conv2d(32, 32, kernel_size=(3, 3), stride=(1, 1), padding=(1, 1), bias=False)
        (conv_h2h): Conv2d(32, 32, kernel_size=(3, 3), stride=(1, 1), padding=(1, 1), bias=False)
      )
      (bn_h): BatchNorm2d(32, eps=1e-05, momentum=0.1, affine=True, track_running_stats=True)
      (bn_l): BatchNorm2d(32, eps=1e-05, momentum=0.1, affine=True, track_running_stats=True)
      (act): PReLU(num_parameters=1)
    )
    (1): Conv_BN_ACT(
      (conv): OctaveConv(
        (downsample): AvgPool2d(kernel_size=(2, 2), stride=2, padding=0)
        (upsample): Upsample(scale_factor=2.0, mode=nearest)
        (conv_l2l): Conv2d(32, 32, kernel_size=(3, 3), stride=(1, 1), padding=(1, 1), bias=False)
        (conv_l2h): Conv2d(32, 32, kernel_size=(3, 3), stride=(1, 1), padding=(1, 1), bias=False)
        (conv_h2l): Conv2d(32, 32, kernel_size=(3, 3), stride=(1, 1), padding=(1, 1), bias=False)
        (conv_h2h): Conv2d(32, 32, kernel_size=(3, 3), stride=(1, 1), padding=(1, 1), bias=False)
      )
      (bn_h): BatchNorm2d(32, eps=1e-05, momentum=0.1, affine=True, track_running_stats=True)
      (bn_l): BatchNorm2d(32, eps=1e-05, momentum=0.1, affine=True, track_running_stats=True)
      (act): PReLU(num_parameters=1)
    )
    (2): Conv_BN_ACT(
      (conv): OctaveConv(
        (downsample): AvgPool2d(kernel_size=(2, 2), stride=2, padding=0)
        (upsample): Upsample(scale_factor=2.0, mode=nearest)
        (conv_l2l): Conv2d(32, 32, kernel_size=(3, 3), stride=(1, 1), padding=(1, 1), bias=False)
        (conv_l2h): Conv2d(32, 32, kernel_size=(3, 3), stride=(1, 1), padding=(1, 1), bias=False)
        (conv_h2l): Conv2d(32, 32, kernel_size=(3, 3), stride=(1, 1), padding=(1, 1), bias=False)
        (conv_h2h): Conv2d(32, 32, kernel_size=(3, 3), stride=(1, 1), padding=(1, 1), bias=False)
      )
      (bn_h): BatchNorm2d(32, eps=1e-05, momentum=0.1, affine=True, track_running_stats=True)
      (bn_l): BatchNorm2d(32, eps=1e-05, momentum=0.1, affine=True, track_running_stats=True)
      (act): PReLU(num_parameters=1)
    )
    (3): Conv_BN_ACT(
      (conv): OctaveConv(
        (downsample): AvgPool2d(kernel_size=(2, 2), stride=2, padding=0)
        (upsample): Upsample(scale_factor=2.0, mode=nearest)
        (conv_l2l): Conv2d(32, 32, kernel_size=(3, 3), stride=(1, 1), padding=(1, 1), bias=False)
        (conv_l2h): Conv2d(32, 32, kernel_size=(3, 3), stride=(1, 1), padding=(1, 1), bias=False)
        (conv_h2l): Conv2d(32, 32, kernel_size=(3, 3), stride=(1, 1), padding=(1, 1), bias=False)
        (conv_h2h): Conv2d(32, 32, kernel_size=(3, 3), stride=(1, 1), padding=(1, 1), bias=False)
      )
      (bn_h): BatchNorm2d(32, eps=1e-05, momentum=0.1, affine=True, track_running_stats=True)
      (bn_l): BatchNorm2d(32, eps=1e-05, momentum=0.1, affine=True, track_running_stats=True)
      (act): PReLU(num_parameters=1)
    )
    (4): Conv_BN_ACT(
      (conv): OctaveConv(
        (downsample): AvgPool2d(kernel_size=(2, 2), stride=2, padding=0)
        (upsample): Upsample(scale_factor=2.0, mode=nearest)
        (conv_l2l): Conv2d(32, 32, kernel_size=(3, 3), stride=(1, 1), padding=(1, 1), bias=False)
        (conv_l2h): Conv2d(32, 32, kernel_size=(3, 3), stride=(1, 1), padding=(1, 1), bias=False)
        (conv_h2l): Conv2d(32, 32, kernel_size=(3, 3), stride=(1, 1), padding=(1, 1), bias=False)
        (conv_h2h): Conv2d(32, 32, kernel_size=(3, 3), stride=(1, 1), padding=(1, 1), bias=False)
      )
      (bn_h): BatchNorm2d(32, eps=1e-05, momentum=0.1, affine=True, track_running_stats=True)
      (bn_l): BatchNorm2d(32, eps=1e-05, momentum=0.1, affine=True, track_running_stats=True)
      (act): PReLU(num_parameters=1)
    )
    (5): Conv_BN_ACT(
      (conv): OctaveConv(
        (downsample): AvgPool2d(kernel_size=(2, 2), stride=2, padding=0)
        (upsample): Upsample(scale_factor=2.0, mode=nearest)
        (conv_l2l): Conv2d(32, 32, kernel_size=(3, 3), stride=(1, 1), padding=(1, 1), bias=False)
        (conv_l2h): Conv2d(32, 32, kernel_size=(3, 3), stride=(1, 1), padding=(1, 1), bias=False)
        (conv_h2l): Conv2d(32, 32, kernel_size=(3, 3), stride=(1, 1), padding=(1, 1), bias=False)
        (conv_h2h): Conv2d(32, 32, kernel_size=(3, 3), stride=(1, 1), padding=(1, 1), bias=False)
      )
      (bn_h): BatchNorm2d(32, eps=1e-05, momentum=0.1, affine=True, track_running_stats=True)
      (bn_l): BatchNorm2d(32, eps=1e-05, momentum=0.1, affine=True, track_running_stats=True)
      (act): PReLU(num_parameters=1)
    )
    (6): Conv_BN_ACT(
      (conv): OctaveConv(
        (downsample): AvgPool2d(kernel_size=(2, 2), stride=2, padding=0)
        (upsample): Upsample(scale_factor=2.0, mode=nearest)
        (conv_l2l): Conv2d(32, 32, kernel_size=(3, 3), stride=(1, 1), padding=(1, 1), bias=False)
        (conv_l2h): Conv2d(32, 32, kernel_size=(3, 3), stride=(1, 1), padding=(1, 1), bias=False)
        (conv_h2l): Conv2d(32, 32, kernel_size=(3, 3), stride=(1, 1), padding=(1, 1), bias=False)
        (conv_h2h): Conv2d(32, 32, kernel_size=(3, 3), stride=(1, 1), padding=(1, 1), bias=False)
      )
      (bn_h): BatchNorm2d(32, eps=1e-05, momentum=0.1, affine=True, track_running_stats=True)
      (bn_l): BatchNorm2d(32, eps=1e-05, momentum=0.1, affine=True, track_running_stats=True)
      (act): PReLU(num_parameters=1)
    )
    (7): Conv_BN_ACT(
      (conv): OctaveConv(
        (downsample): AvgPool2d(kernel_size=(2, 2), stride=2, padding=0)
        (upsample): Upsample(scale_factor=2.0, mode=nearest)
        (conv_l2l): Conv2d(32, 32, kernel_size=(3, 3), stride=(1, 1), padding=(1, 1), bias=False)
        (conv_l2h): Conv2d(32, 32, kernel_size=(3, 3), stride=(1, 1), padding=(1, 1), bias=False)
        (conv_h2l): Conv2d(32, 32, kernel_size=(3, 3), stride=(1, 1), padding=(1, 1), bias=False)
        (conv_h2h): Conv2d(32, 32, kernel_size=(3, 3), stride=(1, 1), padding=(1, 1), bias=False)
      )
      (bn_h): BatchNorm2d(32, eps=1e-05, momentum=0.1, affine=True, track_running_stats=True)
      (bn_l): BatchNorm2d(32, eps=1e-05, momentum=0.1, affine=True, track_running_stats=True)
      (act): PReLU(num_parameters=1)
    )
    (8): Conv_BN_ACT(
      (conv): OctaveConv(
        (downsample): AvgPool2d(kernel_size=(2, 2), stride=2, padding=0)
        (upsample): Upsample(scale_factor=2.0, mode=nearest)
        (conv_l2l): Conv2d(32, 32, kernel_size=(3, 3), stride=(1, 1), padding=(1, 1), bias=False)
        (conv_l2h): Conv2d(32, 32, kernel_size=(3, 3), stride=(1, 1), padding=(1, 1), bias=False)
        (conv_h2l): Conv2d(32, 32, kernel_size=(3, 3), stride=(1, 1), padding=(1, 1), bias=False)
        (conv_h2h): Conv2d(32, 32, kernel_size=(3, 3), stride=(1, 1), padding=(1, 1), bias=False)
      )
      (bn_h): BatchNorm2d(32, eps=1e-05, momentum=0.1, affine=True, track_running_stats=True)
      (bn_l): BatchNorm2d(32, eps=1e-05, momentum=0.1, affine=True, track_running_stats=True)
      (act): PReLU(num_parameters=1)
    )
    (9): Conv_BN_ACT(
      (conv): OctaveConv(
        (downsample): AvgPool2d(kernel_size=(2, 2), stride=2, padding=0)
        (upsample): Upsample(scale_factor=2.0, mode=nearest)
        (conv_l2l): Conv2d(32, 32, kernel_size=(3, 3), stride=(1, 1), padding=(1, 1), bias=False)
        (conv_l2h): Conv2d(32, 32, kernel_size=(3, 3), stride=(1, 1), padding=(1, 1), bias=False)
        (conv_h2l): Conv2d(32, 32, kernel_size=(3, 3), stride=(1, 1), padding=(1, 1), bias=False)
        (conv_h2h): Conv2d(32, 32, kernel_size=(3, 3), stride=(1, 1), padding=(1, 1), bias=False)
      )
      (bn_h): BatchNorm2d(32, eps=1e-05, momentum=0.1, affine=True, track_running_stats=True)
      (bn_l): BatchNorm2d(32, eps=1e-05, momentum=0.1, affine=True, track_running_stats=True)
      (act): PReLU(num_parameters=1)
    )
    (10): Conv_BN_ACT(
      (conv): OctaveConv(
        (downsample): AvgPool2d(kernel_size=(2, 2), stride=2, padding=0)
        (upsample): Upsample(scale_factor=2.0, mode=nearest)
        (conv_l2l): Conv2d(32, 32, kernel_size=(3, 3), stride=(1, 1), padding=(1, 1), bias=False)
        (conv_l2h): Conv2d(32, 32, kernel_size=(3, 3), stride=(1, 1), padding=(1, 1), bias=False)
        (conv_h2l): Conv2d(32, 32, kernel_size=(3, 3), stride=(1, 1), padding=(1, 1), bias=False)
        (conv_h2h): Conv2d(32, 32, kernel_size=(3, 3), stride=(1, 1), padding=(1, 1), bias=False)
      )
      (bn_h): BatchNorm2d(32, eps=1e-05, momentum=0.1, affine=True, track_running_stats=True)
      (bn_l): BatchNorm2d(32, eps=1e-05, momentum=0.1, affine=True, track_running_stats=True)
      (act): PReLU(num_parameters=1)
    )
    (11): Conv_BN_ACT(
      (conv): OctaveConv(
        (downsample): AvgPool2d(kernel_size=(2, 2), stride=2, padding=0)
        (upsample): Upsample(scale_factor=2.0, mode=nearest)
        (conv_l2l): Conv2d(32, 32, kernel_size=(3, 3), stride=(1, 1), padding=(1, 1), bias=False)
        (conv_l2h): Conv2d(32, 32, kernel_size=(3, 3), stride=(1, 1), padding=(1, 1), bias=False)
        (conv_h2l): Conv2d(32, 32, kernel_size=(3, 3), stride=(1, 1), padding=(1, 1), bias=False)
        (conv_h2h): Conv2d(32, 32, kernel_size=(3, 3), stride=(1, 1), padding=(1, 1), bias=False)
      )
      (bn_h): BatchNorm2d(32, eps=1e-05, momentum=0.1, affine=True, track_running_stats=True)
      (bn_l): BatchNorm2d(32, eps=1e-05, momentum=0.1, affine=True, track_running_stats=True)
      (act): PReLU(num_parameters=1)
    )
    (12): Conv_BN_ACT(
      (conv): OctaveConv(
        (downsample): AvgPool2d(kernel_size=(2, 2), stride=2, padding=0)
        (upsample): Upsample(scale_factor=2.0, mode=nearest)
        (conv_l2l): Conv2d(32, 32, kernel_size=(3, 3), stride=(1, 1), padding=(1, 1), bias=False)
        (conv_l2h): Conv2d(32, 32, kernel_size=(3, 3), stride=(1, 1), padding=(1, 1), bias=False)
        (conv_h2l): Conv2d(32, 32, kernel_size=(3, 3), stride=(1, 1), padding=(1, 1), bias=False)
        (conv_h2h): Conv2d(32, 32, kernel_size=(3, 3), stride=(1, 1), padding=(1, 1), bias=False)
      )
      (bn_h): BatchNorm2d(32, eps=1e-05, momentum=0.1, affine=True, track_running_stats=True)
      (bn_l): BatchNorm2d(32, eps=1e-05, momentum=0.1, affine=True, track_running_stats=True)
      (act): PReLU(num_parameters=1)
    )
    (13): Conv_BN_ACT(
      (conv): OctaveConv(
        (downsample): AvgPool2d(kernel_size=(2, 2), stride=2, padding=0)
        (upsample): Upsample(scale_factor=2.0, mode=nearest)
        (conv_l2l): Conv2d(32, 32, kernel_size=(3, 3), stride=(1, 1), padding=(1, 1), bias=False)
        (conv_l2h): Conv2d(32, 32, kernel_size=(3, 3), stride=(1, 1), padding=(1, 1), bias=False)
        (conv_h2l): Conv2d(32, 32, kernel_size=(3, 3), stride=(1, 1), padding=(1, 1), bias=False)
        (conv_h2h): Conv2d(32, 32, kernel_size=(3, 3), stride=(1, 1), padding=(1, 1), bias=False)
      )
      (bn_h): BatchNorm2d(32, eps=1e-05, momentum=0.1, affine=True, track_running_stats=True)
      (bn_l): BatchNorm2d(32, eps=1e-05, momentum=0.1, affine=True, track_running_stats=True)
      (act): PReLU(num_parameters=1)
    )
    (14): Conv_BN_ACT(
      (conv): OctaveConv(
        (downsample): AvgPool2d(kernel_size=(2, 2), stride=2, padding=0)
        (upsample): Upsample(scale_factor=2.0, mode=nearest)
        (conv_l2l): Conv2d(32, 32, kernel_size=(3, 3), stride=(1, 1), padding=(1, 1), bias=False)
        (conv_l2h): Conv2d(32, 32, kernel_size=(3, 3), stride=(1, 1), padding=(1, 1), bias=False)
        (conv_h2l): Conv2d(32, 32, kernel_size=(3, 3), stride=(1, 1), padding=(1, 1), bias=False)
        (conv_h2h): Conv2d(32, 32, kernel_size=(3, 3), stride=(1, 1), padding=(1, 1), bias=False)
      )
      (bn_h): BatchNorm2d(32, eps=1e-05, momentum=0.1, affine=True, track_running_stats=True)
      (bn_l): BatchNorm2d(32, eps=1e-05, momentum=0.1, affine=True, track_running_stats=True)
      (act): PReLU(num_parameters=1)
    )
    (15): Conv_BN_ACT(
      (conv): OctaveConv(
        (downsample): AvgPool2d(kernel_size=(2, 2), stride=2, padding=0)
        (upsample): Upsample(scale_factor=2.0, mode=nearest)
        (conv_l2l): Conv2d(32, 32, kernel_size=(3, 3), stride=(1, 1), padding=(1, 1), bias=False)
        (conv_l2h): Conv2d(32, 32, kernel_size=(3, 3), stride=(1, 1), padding=(1, 1), bias=False)
        (conv_h2l): Conv2d(32, 32, kernel_size=(3, 3), stride=(1, 1), padding=(1, 1), bias=False)
        (conv_h2h): Conv2d(32, 32, kernel_size=(3, 3), stride=(1, 1), padding=(1, 1), bias=False)
      )
      (bn_h): BatchNorm2d(32, eps=1e-05, momentum=0.1, affine=True, track_running_stats=True)
      (bn_l): BatchNorm2d(32, eps=1e-05, momentum=0.1, affine=True, track_running_stats=True)
      (act): PReLU(num_parameters=1)
    )
  )
  (rescons): ModuleList(
    (0): ResBlock(
      (conv1): Conv_BN_ACT(
        (conv): OctaveConv(
          (downsample): AvgPool2d(kernel_size=(2, 2), stride=2, padding=0)
          (upsample): Upsample(scale_factor=2.0, mode=nearest)
          (conv_l2l): Conv2d(32, 32, kernel_size=(3, 3), stride=(1, 1), padding=(1, 1), bias=False)
          (conv_l2h): Conv2d(32, 32, kernel_size=(3, 3), stride=(1, 1), padding=(1, 1), bias=False)
          (conv_h2l): Conv2d(32, 32, kernel_size=(3, 3), stride=(1, 1), padding=(1, 1), bias=False)
          (conv_h2h): Conv2d(32, 32, kernel_size=(3, 3), stride=(1, 1), padding=(1, 1), bias=False)
        )
        (bn_h): BatchNorm2d(32, eps=1e-05, momentum=0.1, affine=True, track_running_stats=True)
        (bn_l): BatchNorm2d(32, eps=1e-05, momentum=0.1, affine=True, track_running_stats=True)
        (act): PReLU(num_parameters=1)
      )
      (conv2): Conv_BN_ACT(
        (conv): OctaveConv(
          (downsample): AvgPool2d(kernel_size=(2, 2), stride=2, padding=0)
          (upsample): Upsample(scale_factor=2.0, mode=nearest)
          (conv_l2l): Conv2d(32, 32, kernel_size=(3, 3), stride=(1, 1), padding=(1, 1), bias=False)
          (conv_l2h): Conv2d(32, 32, kernel_size=(3, 3), stride=(1, 1), padding=(1, 1), bias=False)
          (conv_h2l): Conv2d(32, 32, kernel_size=(3, 3), stride=(1, 1), padding=(1, 1), bias=False)
          (conv_h2h): Conv2d(32, 32, kernel_size=(3, 3), stride=(1, 1), padding=(1, 1), bias=False)
        )
        (bn_h): BatchNorm2d(32, eps=1e-05, momentum=0.1, affine=True, track_running_stats=True)
        (bn_l): BatchNorm2d(32, eps=1e-05, momentum=0.1, affine=True, track_running_stats=True)
        (act): PReLU(num_parameters=1)
      )
    )
    (1): ResBlock(
      (conv1): Conv_BN_ACT(
        (conv): OctaveConv(
          (downsample): AvgPool2d(kernel_size=(2, 2), stride=2, padding=0)
          (upsample): Upsample(scale_factor=2.0, mode=nearest)
          (conv_l2l): Conv2d(32, 32, kernel_size=(3, 3), stride=(1, 1), padding=(1, 1), bias=False)
          (conv_l2h): Conv2d(32, 32, kernel_size=(3, 3), stride=(1, 1), padding=(1, 1), bias=False)
          (conv_h2l): Conv2d(32, 32, kernel_size=(3, 3), stride=(1, 1), padding=(1, 1), bias=False)
          (conv_h2h): Conv2d(32, 32, kernel_size=(3, 3), stride=(1, 1), padding=(1, 1), bias=False)
        )
        (bn_h): BatchNorm2d(32, eps=1e-05, momentum=0.1, affine=True, track_running_stats=True)
        (bn_l): BatchNorm2d(32, eps=1e-05, momentum=0.1, affine=True, track_running_stats=True)
        (act): PReLU(num_parameters=1)
      )
      (conv2): Conv_BN_ACT(
        (conv): OctaveConv(
          (downsample): AvgPool2d(kernel_size=(2, 2), stride=2, padding=0)
          (upsample): Upsample(scale_factor=2.0, mode=nearest)
          (conv_l2l): Conv2d(32, 32, kernel_size=(3, 3), stride=(1, 1), padding=(1, 1), bias=False)
          (conv_l2h): Conv2d(32, 32, kernel_size=(3, 3), stride=(1, 1), padding=(1, 1), bias=False)
          (conv_h2l): Conv2d(32, 32, kernel_size=(3, 3), stride=(1, 1), padding=(1, 1), bias=False)
          (conv_h2h): Conv2d(32, 32, kernel_size=(3, 3), stride=(1, 1), padding=(1, 1), bias=False)
        )
        (bn_h): BatchNorm2d(32, eps=1e-05, momentum=0.1, affine=True, track_running_stats=True)
        (bn_l): BatchNorm2d(32, eps=1e-05, momentum=0.1, affine=True, track_running_stats=True)
        (act): PReLU(num_parameters=1)
      )
    )
    (2): ResBlock(
      (conv1): Conv_BN_ACT(
        (conv): OctaveConv(
          (downsample): AvgPool2d(kernel_size=(2, 2), stride=2, padding=0)
          (upsample): Upsample(scale_factor=2.0, mode=nearest)
          (conv_l2l): Conv2d(32, 32, kernel_size=(3, 3), stride=(1, 1), padding=(1, 1), bias=False)
          (conv_l2h): Conv2d(32, 32, kernel_size=(3, 3), stride=(1, 1), padding=(1, 1), bias=False)
          (conv_h2l): Conv2d(32, 32, kernel_size=(3, 3), stride=(1, 1), padding=(1, 1), bias=False)
          (conv_h2h): Conv2d(32, 32, kernel_size=(3, 3), stride=(1, 1), padding=(1, 1), bias=False)
        )
        (bn_h): BatchNorm2d(32, eps=1e-05, momentum=0.1, affine=True, track_running_stats=True)
        (bn_l): BatchNorm2d(32, eps=1e-05, momentum=0.1, affine=True, track_running_stats=True)
        (act): PReLU(num_parameters=1)
      )
      (conv2): Conv_BN_ACT(
        (conv): OctaveConv(
          (downsample): AvgPool2d(kernel_size=(2, 2), stride=2, padding=0)
          (upsample): Upsample(scale_factor=2.0, mode=nearest)
          (conv_l2l): Conv2d(32, 32, kernel_size=(3, 3), stride=(1, 1), padding=(1, 1), bias=False)
          (conv_l2h): Conv2d(32, 32, kernel_size=(3, 3), stride=(1, 1), padding=(1, 1), bias=False)
          (conv_h2l): Conv2d(32, 32, kernel_size=(3, 3), stride=(1, 1), padding=(1, 1), bias=False)
          (conv_h2h): Conv2d(32, 32, kernel_size=(3, 3), stride=(1, 1), padding=(1, 1), bias=False)
        )
        (bn_h): BatchNorm2d(32, eps=1e-05, momentum=0.1, affine=True, track_running_stats=True)
        (bn_l): BatchNorm2d(32, eps=1e-05, momentum=0.1, affine=True, track_running_stats=True)
        (act): PReLU(num_parameters=1)
      )
    )
    (3): ResBlock(
      (conv1): Conv_BN_ACT(
        (conv): OctaveConv(
          (downsample): AvgPool2d(kernel_size=(2, 2), stride=2, padding=0)
          (upsample): Upsample(scale_factor=2.0, mode=nearest)
          (conv_l2l): Conv2d(32, 32, kernel_size=(3, 3), stride=(1, 1), padding=(1, 1), bias=False)
          (conv_l2h): Conv2d(32, 32, kernel_size=(3, 3), stride=(1, 1), padding=(1, 1), bias=False)
          (conv_h2l): Conv2d(32, 32, kernel_size=(3, 3), stride=(1, 1), padding=(1, 1), bias=False)
          (conv_h2h): Conv2d(32, 32, kernel_size=(3, 3), stride=(1, 1), padding=(1, 1), bias=False)
        )
        (bn_h): BatchNorm2d(32, eps=1e-05, momentum=0.1, affine=True, track_running_stats=True)
        (bn_l): BatchNorm2d(32, eps=1e-05, momentum=0.1, affine=True, track_running_stats=True)
        (act): PReLU(num_parameters=1)
      )
      (conv2): Conv_BN_ACT(
        (conv): OctaveConv(
          (downsample): AvgPool2d(kernel_size=(2, 2), stride=2, padding=0)
          (upsample): Upsample(scale_factor=2.0, mode=nearest)
          (conv_l2l): Conv2d(32, 32, kernel_size=(3, 3), stride=(1, 1), padding=(1, 1), bias=False)
          (conv_l2h): Conv2d(32, 32, kernel_size=(3, 3), stride=(1, 1), padding=(1, 1), bias=False)
          (conv_h2l): Conv2d(32, 32, kernel_size=(3, 3), stride=(1, 1), padding=(1, 1), bias=False)
          (conv_h2h): Conv2d(32, 32, kernel_size=(3, 3), stride=(1, 1), padding=(1, 1), bias=False)
        )
        (bn_h): BatchNorm2d(32, eps=1e-05, momentum=0.1, affine=True, track_running_stats=True)
        (bn_l): BatchNorm2d(32, eps=1e-05, momentum=0.1, affine=True, track_running_stats=True)
        (act): PReLU(num_parameters=1)
      )
    )
    (4): ResBlock(
      (conv1): Conv_BN_ACT(
        (conv): OctaveConv(
          (downsample): AvgPool2d(kernel_size=(2, 2), stride=2, padding=0)
          (upsample): Upsample(scale_factor=2.0, mode=nearest)
          (conv_l2l): Conv2d(32, 32, kernel_size=(3, 3), stride=(1, 1), padding=(1, 1), bias=False)
          (conv_l2h): Conv2d(32, 32, kernel_size=(3, 3), stride=(1, 1), padding=(1, 1), bias=False)
          (conv_h2l): Conv2d(32, 32, kernel_size=(3, 3), stride=(1, 1), padding=(1, 1), bias=False)
          (conv_h2h): Conv2d(32, 32, kernel_size=(3, 3), stride=(1, 1), padding=(1, 1), bias=False)
        )
        (bn_h): BatchNorm2d(32, eps=1e-05, momentum=0.1, affine=True, track_running_stats=True)
        (bn_l): BatchNorm2d(32, eps=1e-05, momentum=0.1, affine=True, track_running_stats=True)
        (act): PReLU(num_parameters=1)
      )
      (conv2): Conv_BN_ACT(
        (conv): OctaveConv(
          (downsample): AvgPool2d(kernel_size=(2, 2), stride=2, padding=0)
          (upsample): Upsample(scale_factor=2.0, mode=nearest)
          (conv_l2l): Conv2d(32, 32, kernel_size=(3, 3), stride=(1, 1), padding=(1, 1), bias=False)
          (conv_l2h): Conv2d(32, 32, kernel_size=(3, 3), stride=(1, 1), padding=(1, 1), bias=False)
          (conv_h2l): Conv2d(32, 32, kernel_size=(3, 3), stride=(1, 1), padding=(1, 1), bias=False)
          (conv_h2h): Conv2d(32, 32, kernel_size=(3, 3), stride=(1, 1), padding=(1, 1), bias=False)
        )
        (bn_h): BatchNorm2d(32, eps=1e-05, momentum=0.1, affine=True, track_running_stats=True)
        (bn_l): BatchNorm2d(32, eps=1e-05, momentum=0.1, affine=True, track_running_stats=True)
        (act): PReLU(num_parameters=1)
      )
    )
    (5): ResBlock(
      (conv1): Conv_BN_ACT(
        (conv): OctaveConv(
          (downsample): AvgPool2d(kernel_size=(2, 2), stride=2, padding=0)
          (upsample): Upsample(scale_factor=2.0, mode=nearest)
          (conv_l2l): Conv2d(32, 32, kernel_size=(3, 3), stride=(1, 1), padding=(1, 1), bias=False)
          (conv_l2h): Conv2d(32, 32, kernel_size=(3, 3), stride=(1, 1), padding=(1, 1), bias=False)
          (conv_h2l): Conv2d(32, 32, kernel_size=(3, 3), stride=(1, 1), padding=(1, 1), bias=False)
          (conv_h2h): Conv2d(32, 32, kernel_size=(3, 3), stride=(1, 1), padding=(1, 1), bias=False)
        )
        (bn_h): BatchNorm2d(32, eps=1e-05, momentum=0.1, affine=True, track_running_stats=True)
        (bn_l): BatchNorm2d(32, eps=1e-05, momentum=0.1, affine=True, track_running_stats=True)
        (act): PReLU(num_parameters=1)
      )
      (conv2): Conv_BN_ACT(
        (conv): OctaveConv(
          (downsample): AvgPool2d(kernel_size=(2, 2), stride=2, padding=0)
          (upsample): Upsample(scale_factor=2.0, mode=nearest)
          (conv_l2l): Conv2d(32, 32, kernel_size=(3, 3), stride=(1, 1), padding=(1, 1), bias=False)
          (conv_l2h): Conv2d(32, 32, kernel_size=(3, 3), stride=(1, 1), padding=(1, 1), bias=False)
          (conv_h2l): Conv2d(32, 32, kernel_size=(3, 3), stride=(1, 1), padding=(1, 1), bias=False)
          (conv_h2h): Conv2d(32, 32, kernel_size=(3, 3), stride=(1, 1), padding=(1, 1), bias=False)
        )
        (bn_h): BatchNorm2d(32, eps=1e-05, momentum=0.1, affine=True, track_running_stats=True)
        (bn_l): BatchNorm2d(32, eps=1e-05, momentum=0.1, affine=True, track_running_stats=True)
        (act): PReLU(num_parameters=1)
      )
    )
    (6): ResBlock(
      (conv1): Conv_BN_ACT(
        (conv): OctaveConv(
          (downsample): AvgPool2d(kernel_size=(2, 2), stride=2, padding=0)
          (upsample): Upsample(scale_factor=2.0, mode=nearest)
          (conv_l2l): Conv2d(32, 32, kernel_size=(3, 3), stride=(1, 1), padding=(1, 1), bias=False)
          (conv_l2h): Conv2d(32, 32, kernel_size=(3, 3), stride=(1, 1), padding=(1, 1), bias=False)
          (conv_h2l): Conv2d(32, 32, kernel_size=(3, 3), stride=(1, 1), padding=(1, 1), bias=False)
          (conv_h2h): Conv2d(32, 32, kernel_size=(3, 3), stride=(1, 1), padding=(1, 1), bias=False)
        )
        (bn_h): BatchNorm2d(32, eps=1e-05, momentum=0.1, affine=True, track_running_stats=True)
        (bn_l): BatchNorm2d(32, eps=1e-05, momentum=0.1, affine=True, track_running_stats=True)
        (act): PReLU(num_parameters=1)
      )
      (conv2): Conv_BN_ACT(
        (conv): OctaveConv(
          (downsample): AvgPool2d(kernel_size=(2, 2), stride=2, padding=0)
          (upsample): Upsample(scale_factor=2.0, mode=nearest)
          (conv_l2l): Conv2d(32, 32, kernel_size=(3, 3), stride=(1, 1), padding=(1, 1), bias=False)
          (conv_l2h): Conv2d(32, 32, kernel_size=(3, 3), stride=(1, 1), padding=(1, 1), bias=False)
          (conv_h2l): Conv2d(32, 32, kernel_size=(3, 3), stride=(1, 1), padding=(1, 1), bias=False)
          (conv_h2h): Conv2d(32, 32, kernel_size=(3, 3), stride=(1, 1), padding=(1, 1), bias=False)
        )
        (bn_h): BatchNorm2d(32, eps=1e-05, momentum=0.1, affine=True, track_running_stats=True)
        (bn_l): BatchNorm2d(32, eps=1e-05, momentum=0.1, affine=True, track_running_stats=True)
        (act): PReLU(num_parameters=1)
      )
    )
    (7): ResBlock(
      (conv1): Conv_BN_ACT(
        (conv): OctaveConv(
          (downsample): AvgPool2d(kernel_size=(2, 2), stride=2, padding=0)
          (upsample): Upsample(scale_factor=2.0, mode=nearest)
          (conv_l2l): Conv2d(32, 32, kernel_size=(3, 3), stride=(1, 1), padding=(1, 1), bias=False)
          (conv_l2h): Conv2d(32, 32, kernel_size=(3, 3), stride=(1, 1), padding=(1, 1), bias=False)
          (conv_h2l): Conv2d(32, 32, kernel_size=(3, 3), stride=(1, 1), padding=(1, 1), bias=False)
          (conv_h2h): Conv2d(32, 32, kernel_size=(3, 3), stride=(1, 1), padding=(1, 1), bias=False)
        )
        (bn_h): BatchNorm2d(32, eps=1e-05, momentum=0.1, affine=True, track_running_stats=True)
        (bn_l): BatchNorm2d(32, eps=1e-05, momentum=0.1, affine=True, track_running_stats=True)
        (act): PReLU(num_parameters=1)
      )
      (conv2): Conv_BN_ACT(
        (conv): OctaveConv(
          (downsample): AvgPool2d(kernel_size=(2, 2), stride=2, padding=0)
          (upsample): Upsample(scale_factor=2.0, mode=nearest)
          (conv_l2l): Conv2d(32, 32, kernel_size=(3, 3), stride=(1, 1), padding=(1, 1), bias=False)
          (conv_l2h): Conv2d(32, 32, kernel_size=(3, 3), stride=(1, 1), padding=(1, 1), bias=False)
          (conv_h2l): Conv2d(32, 32, kernel_size=(3, 3), stride=(1, 1), padding=(1, 1), bias=False)
          (conv_h2h): Conv2d(32, 32, kernel_size=(3, 3), stride=(1, 1), padding=(1, 1), bias=False)
        )
        (bn_h): BatchNorm2d(32, eps=1e-05, momentum=0.1, affine=True, track_running_stats=True)
        (bn_l): BatchNorm2d(32, eps=1e-05, momentum=0.1, affine=True, track_running_stats=True)
        (act): PReLU(num_parameters=1)
      )
    )
    (8): ResBlock(
      (conv1): Conv_BN_ACT(
        (conv): OctaveConv(
          (downsample): AvgPool2d(kernel_size=(2, 2), stride=2, padding=0)
          (upsample): Upsample(scale_factor=2.0, mode=nearest)
          (conv_l2l): Conv2d(32, 32, kernel_size=(3, 3), stride=(1, 1), padding=(1, 1), bias=False)
          (conv_l2h): Conv2d(32, 32, kernel_size=(3, 3), stride=(1, 1), padding=(1, 1), bias=False)
          (conv_h2l): Conv2d(32, 32, kernel_size=(3, 3), stride=(1, 1), padding=(1, 1), bias=False)
          (conv_h2h): Conv2d(32, 32, kernel_size=(3, 3), stride=(1, 1), padding=(1, 1), bias=False)
        )
        (bn_h): BatchNorm2d(32, eps=1e-05, momentum=0.1, affine=True, track_running_stats=True)
        (bn_l): BatchNorm2d(32, eps=1e-05, momentum=0.1, affine=True, track_running_stats=True)
        (act): PReLU(num_parameters=1)
      )
      (conv2): Conv_BN_ACT(
        (conv): OctaveConv(
          (downsample): AvgPool2d(kernel_size=(2, 2), stride=2, padding=0)
          (upsample): Upsample(scale_factor=2.0, mode=nearest)
          (conv_l2l): Conv2d(32, 32, kernel_size=(3, 3), stride=(1, 1), padding=(1, 1), bias=False)
          (conv_l2h): Conv2d(32, 32, kernel_size=(3, 3), stride=(1, 1), padding=(1, 1), bias=False)
          (conv_h2l): Conv2d(32, 32, kernel_size=(3, 3), stride=(1, 1), padding=(1, 1), bias=False)
          (conv_h2h): Conv2d(32, 32, kernel_size=(3, 3), stride=(1, 1), padding=(1, 1), bias=False)
        )
        (bn_h): BatchNorm2d(32, eps=1e-05, momentum=0.1, affine=True, track_running_stats=True)
        (bn_l): BatchNorm2d(32, eps=1e-05, momentum=0.1, affine=True, track_running_stats=True)
        (act): PReLU(num_parameters=1)
      )
    )
    (9): ResBlock(
      (conv1): Conv_BN_ACT(
        (conv): OctaveConv(
          (downsample): AvgPool2d(kernel_size=(2, 2), stride=2, padding=0)
          (upsample): Upsample(scale_factor=2.0, mode=nearest)
          (conv_l2l): Conv2d(32, 32, kernel_size=(3, 3), stride=(1, 1), padding=(1, 1), bias=False)
          (conv_l2h): Conv2d(32, 32, kernel_size=(3, 3), stride=(1, 1), padding=(1, 1), bias=False)
          (conv_h2l): Conv2d(32, 32, kernel_size=(3, 3), stride=(1, 1), padding=(1, 1), bias=False)
          (conv_h2h): Conv2d(32, 32, kernel_size=(3, 3), stride=(1, 1), padding=(1, 1), bias=False)
        )
        (bn_h): BatchNorm2d(32, eps=1e-05, momentum=0.1, affine=True, track_running_stats=True)
        (bn_l): BatchNorm2d(32, eps=1e-05, momentum=0.1, affine=True, track_running_stats=True)
        (act): PReLU(num_parameters=1)
      )
      (conv2): Conv_BN_ACT(
        (conv): OctaveConv(
          (downsample): AvgPool2d(kernel_size=(2, 2), stride=2, padding=0)
          (upsample): Upsample(scale_factor=2.0, mode=nearest)
          (conv_l2l): Conv2d(32, 32, kernel_size=(3, 3), stride=(1, 1), padding=(1, 1), bias=False)
          (conv_l2h): Conv2d(32, 32, kernel_size=(3, 3), stride=(1, 1), padding=(1, 1), bias=False)
          (conv_h2l): Conv2d(32, 32, kernel_size=(3, 3), stride=(1, 1), padding=(1, 1), bias=False)
          (conv_h2h): Conv2d(32, 32, kernel_size=(3, 3), stride=(1, 1), padding=(1, 1), bias=False)
        )
        (bn_h): BatchNorm2d(32, eps=1e-05, momentum=0.1, affine=True, track_running_stats=True)
        (bn_l): BatchNorm2d(32, eps=1e-05, momentum=0.1, affine=True, track_running_stats=True)
        (act): PReLU(num_parameters=1)
      )
    )
    (10): ResBlock(
      (conv1): Conv_BN_ACT(
        (conv): OctaveConv(
          (downsample): AvgPool2d(kernel_size=(2, 2), stride=2, padding=0)
          (upsample): Upsample(scale_factor=2.0, mode=nearest)
          (conv_l2l): Conv2d(32, 32, kernel_size=(3, 3), stride=(1, 1), padding=(1, 1), bias=False)
          (conv_l2h): Conv2d(32, 32, kernel_size=(3, 3), stride=(1, 1), padding=(1, 1), bias=False)
          (conv_h2l): Conv2d(32, 32, kernel_size=(3, 3), stride=(1, 1), padding=(1, 1), bias=False)
          (conv_h2h): Conv2d(32, 32, kernel_size=(3, 3), stride=(1, 1), padding=(1, 1), bias=False)
        )
        (bn_h): BatchNorm2d(32, eps=1e-05, momentum=0.1, affine=True, track_running_stats=True)
        (bn_l): BatchNorm2d(32, eps=1e-05, momentum=0.1, affine=True, track_running_stats=True)
        (act): PReLU(num_parameters=1)
      )
      (conv2): Conv_BN_ACT(
        (conv): OctaveConv(
          (downsample): AvgPool2d(kernel_size=(2, 2), stride=2, padding=0)
          (upsample): Upsample(scale_factor=2.0, mode=nearest)
          (conv_l2l): Conv2d(32, 32, kernel_size=(3, 3), stride=(1, 1), padding=(1, 1), bias=False)
          (conv_l2h): Conv2d(32, 32, kernel_size=(3, 3), stride=(1, 1), padding=(1, 1), bias=False)
          (conv_h2l): Conv2d(32, 32, kernel_size=(3, 3), stride=(1, 1), padding=(1, 1), bias=False)
          (conv_h2h): Conv2d(32, 32, kernel_size=(3, 3), stride=(1, 1), padding=(1, 1), bias=False)
        )
        (bn_h): BatchNorm2d(32, eps=1e-05, momentum=0.1, affine=True, track_running_stats=True)
        (bn_l): BatchNorm2d(32, eps=1e-05, momentum=0.1, affine=True, track_running_stats=True)
        (act): PReLU(num_parameters=1)
      )
    )
    (11): ResBlock(
      (conv1): Conv_BN_ACT(
        (conv): OctaveConv(
          (downsample): AvgPool2d(kernel_size=(2, 2), stride=2, padding=0)
          (upsample): Upsample(scale_factor=2.0, mode=nearest)
          (conv_l2l): Conv2d(32, 32, kernel_size=(3, 3), stride=(1, 1), padding=(1, 1), bias=False)
          (conv_l2h): Conv2d(32, 32, kernel_size=(3, 3), stride=(1, 1), padding=(1, 1), bias=False)
          (conv_h2l): Conv2d(32, 32, kernel_size=(3, 3), stride=(1, 1), padding=(1, 1), bias=False)
          (conv_h2h): Conv2d(32, 32, kernel_size=(3, 3), stride=(1, 1), padding=(1, 1), bias=False)
        )
        (bn_h): BatchNorm2d(32, eps=1e-05, momentum=0.1, affine=True, track_running_stats=True)
        (bn_l): BatchNorm2d(32, eps=1e-05, momentum=0.1, affine=True, track_running_stats=True)
        (act): PReLU(num_parameters=1)
      )
      (conv2): Conv_BN_ACT(
        (conv): OctaveConv(
          (downsample): AvgPool2d(kernel_size=(2, 2), stride=2, padding=0)
          (upsample): Upsample(scale_factor=2.0, mode=nearest)
          (conv_l2l): Conv2d(32, 32, kernel_size=(3, 3), stride=(1, 1), padding=(1, 1), bias=False)
          (conv_l2h): Conv2d(32, 32, kernel_size=(3, 3), stride=(1, 1), padding=(1, 1), bias=False)
          (conv_h2l): Conv2d(32, 32, kernel_size=(3, 3), stride=(1, 1), padding=(1, 1), bias=False)
          (conv_h2h): Conv2d(32, 32, kernel_size=(3, 3), stride=(1, 1), padding=(1, 1), bias=False)
        )
        (bn_h): BatchNorm2d(32, eps=1e-05, momentum=0.1, affine=True, track_running_stats=True)
        (bn_l): BatchNorm2d(32, eps=1e-05, momentum=0.1, affine=True, track_running_stats=True)
        (act): PReLU(num_parameters=1)
      )
    )
    (12): ResBlock(
      (conv1): Conv_BN_ACT(
        (conv): OctaveConv(
          (downsample): AvgPool2d(kernel_size=(2, 2), stride=2, padding=0)
          (upsample): Upsample(scale_factor=2.0, mode=nearest)
          (conv_l2l): Conv2d(32, 32, kernel_size=(3, 3), stride=(1, 1), padding=(1, 1), bias=False)
          (conv_l2h): Conv2d(32, 32, kernel_size=(3, 3), stride=(1, 1), padding=(1, 1), bias=False)
          (conv_h2l): Conv2d(32, 32, kernel_size=(3, 3), stride=(1, 1), padding=(1, 1), bias=False)
          (conv_h2h): Conv2d(32, 32, kernel_size=(3, 3), stride=(1, 1), padding=(1, 1), bias=False)
        )
        (bn_h): BatchNorm2d(32, eps=1e-05, momentum=0.1, affine=True, track_running_stats=True)
        (bn_l): BatchNorm2d(32, eps=1e-05, momentum=0.1, affine=True, track_running_stats=True)
        (act): PReLU(num_parameters=1)
      )
      (conv2): Conv_BN_ACT(
        (conv): OctaveConv(
          (downsample): AvgPool2d(kernel_size=(2, 2), stride=2, padding=0)
          (upsample): Upsample(scale_factor=2.0, mode=nearest)
          (conv_l2l): Conv2d(32, 32, kernel_size=(3, 3), stride=(1, 1), padding=(1, 1), bias=False)
          (conv_l2h): Conv2d(32, 32, kernel_size=(3, 3), stride=(1, 1), padding=(1, 1), bias=False)
          (conv_h2l): Conv2d(32, 32, kernel_size=(3, 3), stride=(1, 1), padding=(1, 1), bias=False)
          (conv_h2h): Conv2d(32, 32, kernel_size=(3, 3), stride=(1, 1), padding=(1, 1), bias=False)
        )
        (bn_h): BatchNorm2d(32, eps=1e-05, momentum=0.1, affine=True, track_running_stats=True)
        (bn_l): BatchNorm2d(32, eps=1e-05, momentum=0.1, affine=True, track_running_stats=True)
        (act): PReLU(num_parameters=1)
      )
    )
    (13): ResBlock(
      (conv1): Conv_BN_ACT(
        (conv): OctaveConv(
          (downsample): AvgPool2d(kernel_size=(2, 2), stride=2, padding=0)
          (upsample): Upsample(scale_factor=2.0, mode=nearest)
          (conv_l2l): Conv2d(32, 32, kernel_size=(3, 3), stride=(1, 1), padding=(1, 1), bias=False)
          (conv_l2h): Conv2d(32, 32, kernel_size=(3, 3), stride=(1, 1), padding=(1, 1), bias=False)
          (conv_h2l): Conv2d(32, 32, kernel_size=(3, 3), stride=(1, 1), padding=(1, 1), bias=False)
          (conv_h2h): Conv2d(32, 32, kernel_size=(3, 3), stride=(1, 1), padding=(1, 1), bias=False)
        )
        (bn_h): BatchNorm2d(32, eps=1e-05, momentum=0.1, affine=True, track_running_stats=True)
        (bn_l): BatchNorm2d(32, eps=1e-05, momentum=0.1, affine=True, track_running_stats=True)
        (act): PReLU(num_parameters=1)
      )
      (conv2): Conv_BN_ACT(
        (conv): OctaveConv(
          (downsample): AvgPool2d(kernel_size=(2, 2), stride=2, padding=0)
          (upsample): Upsample(scale_factor=2.0, mode=nearest)
          (conv_l2l): Conv2d(32, 32, kernel_size=(3, 3), stride=(1, 1), padding=(1, 1), bias=False)
          (conv_l2h): Conv2d(32, 32, kernel_size=(3, 3), stride=(1, 1), padding=(1, 1), bias=False)
          (conv_h2l): Conv2d(32, 32, kernel_size=(3, 3), stride=(1, 1), padding=(1, 1), bias=False)
          (conv_h2h): Conv2d(32, 32, kernel_size=(3, 3), stride=(1, 1), padding=(1, 1), bias=False)
        )
        (bn_h): BatchNorm2d(32, eps=1e-05, momentum=0.1, affine=True, track_running_stats=True)
        (bn_l): BatchNorm2d(32, eps=1e-05, momentum=0.1, affine=True, track_running_stats=True)
        (act): PReLU(num_parameters=1)
      )
    )
    (14): ResBlock(
      (conv1): Conv_BN_ACT(
        (conv): OctaveConv(
          (downsample): AvgPool2d(kernel_size=(2, 2), stride=2, padding=0)
          (upsample): Upsample(scale_factor=2.0, mode=nearest)
          (conv_l2l): Conv2d(32, 32, kernel_size=(3, 3), stride=(1, 1), padding=(1, 1), bias=False)
          (conv_l2h): Conv2d(32, 32, kernel_size=(3, 3), stride=(1, 1), padding=(1, 1), bias=False)
          (conv_h2l): Conv2d(32, 32, kernel_size=(3, 3), stride=(1, 1), padding=(1, 1), bias=False)
          (conv_h2h): Conv2d(32, 32, kernel_size=(3, 3), stride=(1, 1), padding=(1, 1), bias=False)
        )
        (bn_h): BatchNorm2d(32, eps=1e-05, momentum=0.1, affine=True, track_running_stats=True)
        (bn_l): BatchNorm2d(32, eps=1e-05, momentum=0.1, affine=True, track_running_stats=True)
        (act): PReLU(num_parameters=1)
      )
      (conv2): Conv_BN_ACT(
        (conv): OctaveConv(
          (downsample): AvgPool2d(kernel_size=(2, 2), stride=2, padding=0)
          (upsample): Upsample(scale_factor=2.0, mode=nearest)
          (conv_l2l): Conv2d(32, 32, kernel_size=(3, 3), stride=(1, 1), padding=(1, 1), bias=False)
          (conv_l2h): Conv2d(32, 32, kernel_size=(3, 3), stride=(1, 1), padding=(1, 1), bias=False)
          (conv_h2l): Conv2d(32, 32, kernel_size=(3, 3), stride=(1, 1), padding=(1, 1), bias=False)
          (conv_h2h): Conv2d(32, 32, kernel_size=(3, 3), stride=(1, 1), padding=(1, 1), bias=False)
        )
        (bn_h): BatchNorm2d(32, eps=1e-05, momentum=0.1, affine=True, track_running_stats=True)
        (bn_l): BatchNorm2d(32, eps=1e-05, momentum=0.1, affine=True, track_running_stats=True)
        (act): PReLU(num_parameters=1)
      )
    )
    (15): ResBlock(
      (conv1): Conv_BN_ACT(
        (conv): OctaveConv(
          (downsample): AvgPool2d(kernel_size=(2, 2), stride=2, padding=0)
          (upsample): Upsample(scale_factor=2.0, mode=nearest)
          (conv_l2l): Conv2d(32, 32, kernel_size=(3, 3), stride=(1, 1), padding=(1, 1), bias=False)
          (conv_l2h): Conv2d(32, 32, kernel_size=(3, 3), stride=(1, 1), padding=(1, 1), bias=False)
          (conv_h2l): Conv2d(32, 32, kernel_size=(3, 3), stride=(1, 1), padding=(1, 1), bias=False)
          (conv_h2h): Conv2d(32, 32, kernel_size=(3, 3), stride=(1, 1), padding=(1, 1), bias=False)
        )
        (bn_h): BatchNorm2d(32, eps=1e-05, momentum=0.1, affine=True, track_running_stats=True)
        (bn_l): BatchNorm2d(32, eps=1e-05, momentum=0.1, affine=True, track_running_stats=True)
        (act): PReLU(num_parameters=1)
      )
      (conv2): Conv_BN_ACT(
        (conv): OctaveConv(
          (downsample): AvgPool2d(kernel_size=(2, 2), stride=2, padding=0)
          (upsample): Upsample(scale_factor=2.0, mode=nearest)
          (conv_l2l): Conv2d(32, 32, kernel_size=(3, 3), stride=(1, 1), padding=(1, 1), bias=False)
          (conv_l2h): Conv2d(32, 32, kernel_size=(3, 3), stride=(1, 1), padding=(1, 1), bias=False)
          (conv_h2l): Conv2d(32, 32, kernel_size=(3, 3), stride=(1, 1), padding=(1, 1), bias=False)
          (conv_h2h): Conv2d(32, 32, kernel_size=(3, 3), stride=(1, 1), padding=(1, 1), bias=False)
        )
        (bn_h): BatchNorm2d(32, eps=1e-05, momentum=0.1, affine=True, track_running_stats=True)
        (bn_l): BatchNorm2d(32, eps=1e-05, momentum=0.1, affine=True, track_running_stats=True)
        (act): PReLU(num_parameters=1)
      )
    )
  )
  (downs): AvgPool2d(kernel_size=(2, 2), stride=2, padding=0)
  (proninl): Conv2d(1, 32, kernel_size=(3, 3), stride=(1, 1), padding=(1, 1), bias=False)
  (proninh): Conv2d(1, 32, kernel_size=(3, 3), stride=(1, 1), padding=(1, 1), bias=False)
  (upsample): Upsample(scale_factor=2.0, mode=nearest)
  (proutl): Conv2d(32, 1, kernel_size=(3, 3), stride=(1, 1), padding=(1, 1), bias=False)
  (actl): PReLU(num_parameters=1)
  (prouth): Conv2d(32, 1, kernel_size=(3, 3), stride=(1, 1), padding=(1, 1), bias=False)
  (acth): PReLU(num_parameters=1)
  (proutc): Conv2d(2, 1, kernel_size=(3, 3), stride=(1, 1), padding=(1, 1), bias=False)
  (actc): PReLU(num_parameters=1)
)
The number of parameters: 1776837
7040
epoch:  0/80 || Traceback (most recent call last):
  File "main.py", line 67, in <module>
    main(config)
  File "main.py", line 16, in main
    train.train()
  File "/tf/notebooks/SpeckleRomovalPytorch/solver.py", line 108, in train
    output = self.net(Noise_img)
  File "/usr/local/lib/python3.6/dist-packages/torch/nn/modules/module.py", line 722, in _call_impl
    result = self.forward(*input, **kwargs)
  File "/tf/notebooks/SpeckleRomovalPytorch/model/SNRo.py", line 50, in forward
    x_l = self.downs(x)
  File "/usr/local/lib/python3.6/dist-packages/torch/nn/modules/module.py", line 722, in _call_impl
    result = self.forward(*input, **kwargs)
  File "/usr/local/lib/python3.6/dist-packages/torch/nn/modules/pooling.py", line 599, in forward
    self.padding, self.ceil_mode, self.count_include_pad, self.divisor_override)
RuntimeError: CUDA error: out of memory
