nohup: ignoring input
SNRNetwork
SNRcm(
  (convs): ModuleList(
    (0): Conv_BN_ACT(
      (conv): Conv_BN(
        (conv): Conv2d(64, 64, kernel_size=(3, 3), stride=(1, 1), padding=(1, 1), bias=False)
        (bn): BatchNorm2d(64, eps=1e-05, momentum=0.1, affine=True, track_running_stats=True)
      )
      (act): ReLU()
    )
    (1): Conv_BN_ACT(
      (conv): Conv_BN(
        (conv): Conv2d(64, 64, kernel_size=(3, 3), stride=(1, 1), padding=(1, 1), bias=False)
        (bn): BatchNorm2d(64, eps=1e-05, momentum=0.1, affine=True, track_running_stats=True)
      )
      (act): ReLU()
    )
    (2): Conv_BN_ACT(
      (conv): Conv_BN(
        (conv): Conv2d(64, 64, kernel_size=(3, 3), stride=(1, 1), padding=(1, 1), bias=False)
        (bn): BatchNorm2d(64, eps=1e-05, momentum=0.1, affine=True, track_running_stats=True)
      )
      (act): ReLU()
    )
    (3): Conv_BN_ACT(
      (conv): Conv_BN(
        (conv): Conv2d(64, 64, kernel_size=(3, 3), stride=(1, 1), padding=(1, 1), bias=False)
        (bn): BatchNorm2d(64, eps=1e-05, momentum=0.1, affine=True, track_running_stats=True)
      )
      (act): ReLU()
    )
    (4): Conv_BN_ACT(
      (conv): Conv_BN(
        (conv): Conv2d(64, 64, kernel_size=(3, 3), stride=(1, 1), padding=(1, 1), bias=False)
        (bn): BatchNorm2d(64, eps=1e-05, momentum=0.1, affine=True, track_running_stats=True)
      )
      (act): ReLU()
    )
    (5): Conv_BN_ACT(
      (conv): Conv_BN(
        (conv): Conv2d(64, 64, kernel_size=(3, 3), stride=(1, 1), padding=(1, 1), bias=False)
        (bn): BatchNorm2d(64, eps=1e-05, momentum=0.1, affine=True, track_running_stats=True)
      )
      (act): ReLU()
    )
    (6): Conv_BN_ACT(
      (conv): Conv_BN(
        (conv): Conv2d(64, 64, kernel_size=(3, 3), stride=(1, 1), padding=(1, 1), bias=False)
        (bn): BatchNorm2d(64, eps=1e-05, momentum=0.1, affine=True, track_running_stats=True)
      )
      (act): ReLU()
    )
    (7): Conv_BN_ACT(
      (conv): Conv_BN(
        (conv): Conv2d(64, 64, kernel_size=(3, 3), stride=(1, 1), padding=(1, 1), bias=False)
        (bn): BatchNorm2d(64, eps=1e-05, momentum=0.1, affine=True, track_running_stats=True)
      )
      (act): ReLU()
    )
    (8): Conv_BN_ACT(
      (conv): Conv_BN(
        (conv): Conv2d(64, 64, kernel_size=(3, 3), stride=(1, 1), padding=(1, 1), bias=False)
        (bn): BatchNorm2d(64, eps=1e-05, momentum=0.1, affine=True, track_running_stats=True)
      )
      (act): ReLU()
    )
    (9): Conv_BN_ACT(
      (conv): Conv_BN(
        (conv): Conv2d(64, 64, kernel_size=(3, 3), stride=(1, 1), padding=(1, 1), bias=False)
        (bn): BatchNorm2d(64, eps=1e-05, momentum=0.1, affine=True, track_running_stats=True)
      )
      (act): ReLU()
    )
    (10): Conv_BN_ACT(
      (conv): Conv_BN(
        (conv): Conv2d(64, 64, kernel_size=(3, 3), stride=(1, 1), padding=(1, 1), bias=False)
        (bn): BatchNorm2d(64, eps=1e-05, momentum=0.1, affine=True, track_running_stats=True)
      )
      (act): ReLU()
    )
    (11): Conv_BN_ACT(
      (conv): Conv_BN(
        (conv): Conv2d(64, 64, kernel_size=(3, 3), stride=(1, 1), padding=(1, 1), bias=False)
        (bn): BatchNorm2d(64, eps=1e-05, momentum=0.1, affine=True, track_running_stats=True)
      )
      (act): ReLU()
    )
    (12): Conv_BN_ACT(
      (conv): Conv_BN(
        (conv): Conv2d(64, 64, kernel_size=(3, 3), stride=(1, 1), padding=(1, 1), bias=False)
        (bn): BatchNorm2d(64, eps=1e-05, momentum=0.1, affine=True, track_running_stats=True)
      )
      (act): ReLU()
    )
    (13): Conv_BN_ACT(
      (conv): Conv_BN(
        (conv): Conv2d(64, 64, kernel_size=(3, 3), stride=(1, 1), padding=(1, 1), bias=False)
        (bn): BatchNorm2d(64, eps=1e-05, momentum=0.1, affine=True, track_running_stats=True)
      )
      (act): ReLU()
    )
    (14): Conv_BN_ACT(
      (conv): Conv_BN(
        (conv): Conv2d(64, 64, kernel_size=(3, 3), stride=(1, 1), padding=(1, 1), bias=False)
        (bn): BatchNorm2d(64, eps=1e-05, momentum=0.1, affine=True, track_running_stats=True)
      )
      (act): ReLU()
    )
    (15): Conv_BN_ACT(
      (conv): Conv_BN(
        (conv): Conv2d(64, 64, kernel_size=(3, 3), stride=(1, 1), padding=(1, 1), bias=False)
        (bn): BatchNorm2d(64, eps=1e-05, momentum=0.1, affine=True, track_running_stats=True)
      )
      (act): ReLU()
    )
  )
  (rescons): ModuleList(
    (0): ResBlock(
      (conv1): Conv_BN_ACT(
        (conv): Conv_BN(
          (conv): Conv2d(64, 64, kernel_size=(3, 3), stride=(1, 1), padding=(1, 1), bias=False)
          (bn): BatchNorm2d(64, eps=1e-05, momentum=0.1, affine=True, track_running_stats=True)
        )
        (act): ReLU()
      )
      (conv2): Conv_BN_ACT(
        (conv): Conv_BN(
          (conv): Conv2d(64, 64, kernel_size=(3, 3), stride=(1, 1), padding=(1, 1), bias=False)
          (bn): BatchNorm2d(64, eps=1e-05, momentum=0.1, affine=True, track_running_stats=True)
        )
        (act): ReLU()
      )
    )
    (1): ResBlock(
      (conv1): Conv_BN_ACT(
        (conv): Conv_BN(
          (conv): Conv2d(64, 64, kernel_size=(3, 3), stride=(1, 1), padding=(1, 1), bias=False)
          (bn): BatchNorm2d(64, eps=1e-05, momentum=0.1, affine=True, track_running_stats=True)
        )
        (act): ReLU()
      )
      (conv2): Conv_BN_ACT(
        (conv): Conv_BN(
          (conv): Conv2d(64, 64, kernel_size=(3, 3), stride=(1, 1), padding=(1, 1), bias=False)
          (bn): BatchNorm2d(64, eps=1e-05, momentum=0.1, affine=True, track_running_stats=True)
        )
        (act): ReLU()
      )
    )
    (2): ResBlock(
      (conv1): Conv_BN_ACT(
        (conv): Conv_BN(
          (conv): Conv2d(64, 64, kernel_size=(3, 3), stride=(1, 1), padding=(1, 1), bias=False)
          (bn): BatchNorm2d(64, eps=1e-05, momentum=0.1, affine=True, track_running_stats=True)
        )
        (act): ReLU()
      )
      (conv2): Conv_BN_ACT(
        (conv): Conv_BN(
          (conv): Conv2d(64, 64, kernel_size=(3, 3), stride=(1, 1), padding=(1, 1), bias=False)
          (bn): BatchNorm2d(64, eps=1e-05, momentum=0.1, affine=True, track_running_stats=True)
        )
        (act): ReLU()
      )
    )
    (3): ResBlock(
      (conv1): Conv_BN_ACT(
        (conv): Conv_BN(
          (conv): Conv2d(64, 64, kernel_size=(3, 3), stride=(1, 1), padding=(1, 1), bias=False)
          (bn): BatchNorm2d(64, eps=1e-05, momentum=0.1, affine=True, track_running_stats=True)
        )
        (act): ReLU()
      )
      (conv2): Conv_BN_ACT(
        (conv): Conv_BN(
          (conv): Conv2d(64, 64, kernel_size=(3, 3), stride=(1, 1), padding=(1, 1), bias=False)
          (bn): BatchNorm2d(64, eps=1e-05, momentum=0.1, affine=True, track_running_stats=True)
        )
        (act): ReLU()
      )
    )
    (4): ResBlock(
      (conv1): Conv_BN_ACT(
        (conv): Conv_BN(
          (conv): Conv2d(64, 64, kernel_size=(3, 3), stride=(1, 1), padding=(1, 1), bias=False)
          (bn): BatchNorm2d(64, eps=1e-05, momentum=0.1, affine=True, track_running_stats=True)
        )
        (act): ReLU()
      )
      (conv2): Conv_BN_ACT(
        (conv): Conv_BN(
          (conv): Conv2d(64, 64, kernel_size=(3, 3), stride=(1, 1), padding=(1, 1), bias=False)
          (bn): BatchNorm2d(64, eps=1e-05, momentum=0.1, affine=True, track_running_stats=True)
        )
        (act): ReLU()
      )
    )
    (5): ResBlock(
      (conv1): Conv_BN_ACT(
        (conv): Conv_BN(
          (conv): Conv2d(64, 64, kernel_size=(3, 3), stride=(1, 1), padding=(1, 1), bias=False)
          (bn): BatchNorm2d(64, eps=1e-05, momentum=0.1, affine=True, track_running_stats=True)
        )
        (act): ReLU()
      )
      (conv2): Conv_BN_ACT(
        (conv): Conv_BN(
          (conv): Conv2d(64, 64, kernel_size=(3, 3), stride=(1, 1), padding=(1, 1), bias=False)
          (bn): BatchNorm2d(64, eps=1e-05, momentum=0.1, affine=True, track_running_stats=True)
        )
        (act): ReLU()
      )
    )
    (6): ResBlock(
      (conv1): Conv_BN_ACT(
        (conv): Conv_BN(
          (conv): Conv2d(64, 64, kernel_size=(3, 3), stride=(1, 1), padding=(1, 1), bias=False)
          (bn): BatchNorm2d(64, eps=1e-05, momentum=0.1, affine=True, track_running_stats=True)
        )
        (act): ReLU()
      )
      (conv2): Conv_BN_ACT(
        (conv): Conv_BN(
          (conv): Conv2d(64, 64, kernel_size=(3, 3), stride=(1, 1), padding=(1, 1), bias=False)
          (bn): BatchNorm2d(64, eps=1e-05, momentum=0.1, affine=True, track_running_stats=True)
        )
        (act): ReLU()
      )
    )
    (7): ResBlock(
      (conv1): Conv_BN_ACT(
        (conv): Conv_BN(
          (conv): Conv2d(64, 64, kernel_size=(3, 3), stride=(1, 1), padding=(1, 1), bias=False)
          (bn): BatchNorm2d(64, eps=1e-05, momentum=0.1, affine=True, track_running_stats=True)
        )
        (act): ReLU()
      )
      (conv2): Conv_BN_ACT(
        (conv): Conv_BN(
          (conv): Conv2d(64, 64, kernel_size=(3, 3), stride=(1, 1), padding=(1, 1), bias=False)
          (bn): BatchNorm2d(64, eps=1e-05, momentum=0.1, affine=True, track_running_stats=True)
        )
        (act): ReLU()
      )
    )
    (8): ResBlock(
      (conv1): Conv_BN_ACT(
        (conv): Conv_BN(
          (conv): Conv2d(64, 64, kernel_size=(3, 3), stride=(1, 1), padding=(1, 1), bias=False)
          (bn): BatchNorm2d(64, eps=1e-05, momentum=0.1, affine=True, track_running_stats=True)
        )
        (act): ReLU()
      )
      (conv2): Conv_BN_ACT(
        (conv): Conv_BN(
          (conv): Conv2d(64, 64, kernel_size=(3, 3), stride=(1, 1), padding=(1, 1), bias=False)
          (bn): BatchNorm2d(64, eps=1e-05, momentum=0.1, affine=True, track_running_stats=True)
        )
        (act): ReLU()
      )
    )
    (9): ResBlock(
      (conv1): Conv_BN_ACT(
        (conv): Conv_BN(
          (conv): Conv2d(64, 64, kernel_size=(3, 3), stride=(1, 1), padding=(1, 1), bias=False)
          (bn): BatchNorm2d(64, eps=1e-05, momentum=0.1, affine=True, track_running_stats=True)
        )
        (act): ReLU()
      )
      (conv2): Conv_BN_ACT(
        (conv): Conv_BN(
          (conv): Conv2d(64, 64, kernel_size=(3, 3), stride=(1, 1), padding=(1, 1), bias=False)
          (bn): BatchNorm2d(64, eps=1e-05, momentum=0.1, affine=True, track_running_stats=True)
        )
        (act): ReLU()
      )
    )
    (10): ResBlock(
      (conv1): Conv_BN_ACT(
        (conv): Conv_BN(
          (conv): Conv2d(64, 64, kernel_size=(3, 3), stride=(1, 1), padding=(1, 1), bias=False)
          (bn): BatchNorm2d(64, eps=1e-05, momentum=0.1, affine=True, track_running_stats=True)
        )
        (act): ReLU()
      )
      (conv2): Conv_BN_ACT(
        (conv): Conv_BN(
          (conv): Conv2d(64, 64, kernel_size=(3, 3), stride=(1, 1), padding=(1, 1), bias=False)
          (bn): BatchNorm2d(64, eps=1e-05, momentum=0.1, affine=True, track_running_stats=True)
        )
        (act): ReLU()
      )
    )
    (11): ResBlock(
      (conv1): Conv_BN_ACT(
        (conv): Conv_BN(
          (conv): Conv2d(64, 64, kernel_size=(3, 3), stride=(1, 1), padding=(1, 1), bias=False)
          (bn): BatchNorm2d(64, eps=1e-05, momentum=0.1, affine=True, track_running_stats=True)
        )
        (act): ReLU()
      )
      (conv2): Conv_BN_ACT(
        (conv): Conv_BN(
          (conv): Conv2d(64, 64, kernel_size=(3, 3), stride=(1, 1), padding=(1, 1), bias=False)
          (bn): BatchNorm2d(64, eps=1e-05, momentum=0.1, affine=True, track_running_stats=True)
        )
        (act): ReLU()
      )
    )
    (12): ResBlock(
      (conv1): Conv_BN_ACT(
        (conv): Conv_BN(
          (conv): Conv2d(64, 64, kernel_size=(3, 3), stride=(1, 1), padding=(1, 1), bias=False)
          (bn): BatchNorm2d(64, eps=1e-05, momentum=0.1, affine=True, track_running_stats=True)
        )
        (act): ReLU()
      )
      (conv2): Conv_BN_ACT(
        (conv): Conv_BN(
          (conv): Conv2d(64, 64, kernel_size=(3, 3), stride=(1, 1), padding=(1, 1), bias=False)
          (bn): BatchNorm2d(64, eps=1e-05, momentum=0.1, affine=True, track_running_stats=True)
        )
        (act): ReLU()
      )
    )
    (13): ResBlock(
      (conv1): Conv_BN_ACT(
        (conv): Conv_BN(
          (conv): Conv2d(64, 64, kernel_size=(3, 3), stride=(1, 1), padding=(1, 1), bias=False)
          (bn): BatchNorm2d(64, eps=1e-05, momentum=0.1, affine=True, track_running_stats=True)
        )
        (act): ReLU()
      )
      (conv2): Conv_BN_ACT(
        (conv): Conv_BN(
          (conv): Conv2d(64, 64, kernel_size=(3, 3), stride=(1, 1), padding=(1, 1), bias=False)
          (bn): BatchNorm2d(64, eps=1e-05, momentum=0.1, affine=True, track_running_stats=True)
        )
        (act): ReLU()
      )
    )
    (14): ResBlock(
      (conv1): Conv_BN_ACT(
        (conv): Conv_BN(
          (conv): Conv2d(64, 64, kernel_size=(3, 3), stride=(1, 1), padding=(1, 1), bias=False)
          (bn): BatchNorm2d(64, eps=1e-05, momentum=0.1, affine=True, track_running_stats=True)
        )
        (act): ReLU()
      )
      (conv2): Conv_BN_ACT(
        (conv): Conv_BN(
          (conv): Conv2d(64, 64, kernel_size=(3, 3), stride=(1, 1), padding=(1, 1), bias=False)
          (bn): BatchNorm2d(64, eps=1e-05, momentum=0.1, affine=True, track_running_stats=True)
        )
        (act): ReLU()
      )
    )
    (15): ResBlock(
      (conv1): Conv_BN_ACT(
        (conv): Conv_BN(
          (conv): Conv2d(64, 64, kernel_size=(3, 3), stride=(1, 1), padding=(1, 1), bias=False)
          (bn): BatchNorm2d(64, eps=1e-05, momentum=0.1, affine=True, track_running_stats=True)
        )
        (act): ReLU()
      )
      (conv2): Conv_BN_ACT(
        (conv): Conv_BN(
          (conv): Conv2d(64, 64, kernel_size=(3, 3), stride=(1, 1), padding=(1, 1), bias=False)
          (bn): BatchNorm2d(64, eps=1e-05, momentum=0.1, affine=True, track_running_stats=True)
        )
        (act): ReLU()
      )
    )
  )
  (proin): Conv_BN_ACT(
    (conv): Conv_BN(
      (conv): Conv2d(1, 64, kernel_size=(3, 3), stride=(1, 1), padding=(1, 1), bias=False)
      (bn): BatchNorm2d(64, eps=1e-05, momentum=0.1, affine=True, track_running_stats=True)
    )
    (act): PReLU(num_parameters=1)
  )
  (prout1): Conv_BN_ACT(
    (conv): Conv_BN(
      (conv): Conv2d(64, 64, kernel_size=(3, 3), stride=(1, 1), padding=(1, 1), bias=False)
      (bn): BatchNorm2d(64, eps=1e-05, momentum=0.1, affine=True, track_running_stats=True)
    )
    (act): ReLU()
  )
  (prout2): Conv_BN_ACT(
    (conv): Conv_BN(
      (conv): Conv2d(64, 1, kernel_size=(3, 3), stride=(1, 1), padding=(1, 1), bias=False)
      (bn): BatchNorm2d(1, eps=1e-05, momentum=0.1, affine=True, track_running_stats=True)
    )
    (act): ReLU()
  )
)
The number of parameters: 1813891
7040
epoch:  0/80 || >>>>>>>>>>>>>>>>>>>> || Loss :     0.0124 || Time : 671.936805 s
epoch:  1/80 || >>>>>>>>>>>>>>>>>>>> || Loss :     0.0035 || Time : 670.345256 s
epoch:  2/80 || >>>>>>>>>>>>>>>>>>>> || Loss :     0.0027 || Time : 669.628129 s
epoch:  3/80 || >>>>>>>>>>>>>>>>>>>> || Loss :     0.0029 || Time : 668.783017 s
epoch:  4/80 || >>>>>>>>>>>>>>>>>>>> || Loss :     0.0029 || Time : 668.134525 s
epoch:  5/80 || >>>>>>>>>>>>>>>>>>>> || Loss :     0.0024 || Time : 667.891798 s
epoch:  6/80 || >>>>>>>>>>>>>>>>>>>> || Loss :     0.0025 || Time : 666.593448 s
epoch:  7/80 || >>>>>>>>>>>>>>>>>>>> || Loss :     0.0021 || Time : 666.086102 s
epoch:  8/80 || >>>>>>>>>>>>>>>>>>>> || Loss :     0.0025 || Time : 666.795443 s
epoch:  9/80 || >>>>>>>>>>>>>>>>>>>> || Loss :     0.0020 || Time : 665.258246 s
epoch: 10/80 || >>>>>>>>>>>>>>>>>>>> || Loss :     0.0025 || Time : 663.071489 s
epoch: 11/80 || >>>>>>>>>>>>>>>>>>>> || Loss :     0.0021 || Time : 664.874944 s
epoch: 12/80 || >>>>>>>>>>>>>>>>>>>> || Loss :     0.0027 || Time : 661.513806 s
epoch: 13/80 || >>>>>>>>>>>>>>>>>>>> || Loss :     0.0029 || Time : 659.336097 s
epoch: 14/80 || >>>>>>>>>>>>>>>>>>>> || Loss :     0.0031 || Time : 657.590340 s
epoch: 15/80 || >>>>>>>>>>>>>>>>>>>> || Loss :     0.0029 || Time : 658.284016 s
epoch: 16/80 || >>>>>>>>>>>>>>>>>>>> || Loss :     0.0024 || Time : 661.691178 s
epoch: 17/80 || >>>>>>>>>>>>>>>>>>>> || Loss :     0.0024 || Time : 659.394533 s
epoch: 18/80 || >>>>>>>>>>>>>>>>>>>> || Loss :     0.0029 || Time : 656.830439 s
epoch: 19/80 || >>>>>>>>>>>>>>>>>>>> || Loss :     0.0027 || Time : 653.673196 s
epoch: 20/80 || >>>>>>>>>>>>>>>>>>>> || Loss :     0.0028 || Time : 654.985539 s
epoch: 21/80 || >>>>>>>>>>>>>>>>>>>> || Loss :     0.0031 || Time : 655.332594 s
epoch: 22/80 || >>>>>>>>>>>>>>>>>>>> || Loss :     0.0029 || Time : 659.226870 s
epoch: 23/80 || >>>>>>>>>>>>>>>>>>>> || Loss :     0.0027 || Time : 655.857978 s
epoch: 24/80 || >>>>>>>>>>>>>>>>>>>> || Loss :     0.0026 || Time : 656.106409 s
epoch: 25/80 || >>>>>>>>>>>>>>>>>>>> || Loss :     0.0026 || Time : 655.236935 s
epoch: 26/80 || >>>>>>>>>>>>>>>>>>>> || Loss :     0.0029 || Time : 657.854946 s
epoch: 27/80 || >>>>>>>>>>>>>>>>>>>> || Loss :     0.0027 || Time : 657.717588 s
epoch: 28/80 || >>>>>>>>>>>>>>>>>>>> || Loss :     0.0030 || Time : 660.565260 s
epoch: 29/80 || >>>>>>>>>>>>>>>>>>>> || Loss :     0.0027 || Time : 656.219721 s
epoch: 30/80 || >>>>>>>>>>>>>>>>>>>> || Loss :     0.0027 || Time : 656.490508 s
epoch: 31/80 || >>>>>>>>>>>>>>>>>>>> || Loss :     0.0028 || Time : 657.397389 s
epoch: 32/80 || >>>>>>>>>>>>>>>>>>>> || Loss :     0.0025 || Time : 657.216930 s
epoch: 33/80 || >>>>>>>>>>>>>>>>>>>> || Loss :     0.0027 || Time : 659.374537 s
epoch: 34/80 || >>>>>>>>>>>>>>>>>>>> || Loss :     0.0023 || Time : 659.601759 s
epoch: 35/80 || >>>>>>>>>>>>>>>>>>>> || Loss :     0.0022 || Time : 661.345033 s
epoch: 36/80 || >>>>>>>>>>>>>>>>>>>> || Loss :     0.0027 || Time : 663.331119 s
epoch: 37/80 || >>>>>>>>>>>>>>>>>>>> || Loss :     0.0025 || Time : 662.720241 s
epoch: 38/80 || >>>>>>>>>>>>>>>>>>>> || Loss :     0.0024 || Time : 663.837775 s
epoch: 39/80 || >>>>>>>>>>>>>>>>>>>> || Loss :     0.0022 || Time : 663.803900 s
epoch: 40/80 || >>>>>>>>>>>>>>>>>>>> || Loss :     0.0023 || Time : 661.167864 s
epoch: 41/80 || >>>>>>>>>>>>>>>>>>>> || Loss :     0.0022 || Time : 661.017961 s
epoch: 42/80 || >>>>>>>>>>>>>>>>>>>> || Loss :     0.0020 || Time : 661.323174 s
epoch: 43/80 || >>>>>>>>>>>>>>>>>>>> || Loss :     0.0019 || Time : 663.872953 s
epoch: 44/80 || >>>>>>>>>>>>>>>>>>>> || Loss :     0.0021 || Time : 660.590581 s
epoch: 45/80 || >>>>>>>>>>>>>>>>>>>> || Loss :     0.0019 || Time : 660.095893 s
epoch: 46/80 || >>>>>>>>>>>>>>>>>>>> || Loss :     0.0019 || Time : 660.204519 s
epoch: 47/80 || >>>>>>>>>>>>>>>>>>>> || Loss :     0.0020 || Time : 659.769569 s
epoch: 48/80 || >>>>>>>>>>>>>>>>>>>> || Loss :     0.0017 || Time : 659.168934 s
epoch: 49/80 || >>>>>>>>>>>>>>>>>>>> || Loss :     0.0017 || Time : 661.718721 s
epoch: 50/80 || >>>>>>>>>>>>>>>>>>>> || Loss :     0.0018 || Time : 658.657174 s
epoch: 51/80 || >>>>>>>>>>>>>>>>>>>> || Loss :     0.0016 || Time : 661.757145 s
epoch: 52/80 || >>>>>>>>>>>>>>>>>>>> || Loss :     0.0014 || Time : 660.353779 s
epoch: 53/80 || >>>>>>>>>>>>>>>>>>>> || Loss :     0.0018 || Time : 659.148322 s
epoch: 54/80 || >>>>>>>>>>>>>>>>>>>> || Loss :     0.0016 || Time : 659.386491 s
epoch: 55/80 || >>>>>>>>>>>>>>>>>>>> || Loss :     0.0015 || Time : 658.782752 s
epoch: 56/80 || >>>>>>>>>>>>>>>>>>>> || Loss :     0.0015 || Time : 658.567868 s
epoch: 57/80 || >>>>>>>>>>>>>>>>>>>> || Loss :     0.0022 || Time : 659.412191 s
epoch: 58/80 || >>>>>>>>>>>>>>>>>>>> || Loss :     0.0018 || Time : 660.693234 s
epoch: 59/80 || >>>>>>>>>>>>>>>>>>>> || Loss :     0.0015 || Time : 657.949206 s
epoch: 60/80 || >>>>>>>>>>>>>>>>>>>> || Loss :     0.0015 || Time : 657.987384 s
epoch: 61/80 || >>>>>>>>>>>>>>>>>>>> || Loss :     0.0015 || Time : 658.461814 s
epoch: 62/80 || >>>>>>>>>>>>>>>>>>>> || Loss :     0.0015 || Time : 659.139724 s
epoch: 63/80 || >>>>>>>>>>>>>>>>>>>> || Loss :     0.0014 || Time : 660.243363 s
epoch: 64/80 || >>>>>>>>>>>>>>>>>>>> || Loss :     0.0018 || Time : 659.040408 s
epoch: 65/80 || >>>>>>>>>>>>>>>>>>>> || Loss :     0.0025 || Time : 663.638250 s
epoch: 66/80 || >>>>>>>>>>>>>>>>>>>> || Loss :     0.0021 || Time : 661.486803 s
epoch: 67/80 || >>>>>>>>>>>>>>>>>>>> || Loss :     0.0019 || Time : 661.031116 s
epoch: 68/80 || >>>>>>>>>>>>>>>>>>>> || Loss :     0.0016 || Time : 660.707376 s
epoch: 69/80 || >>>>>>>>>>>>>>>>>>>> || Loss :     0.0017 || Time : 660.921946 s
epoch: 70/80 || >>>>>>>>>>>>>>>>>>>> || Loss :     0.0016 || Time : 660.849934 s
epoch: 71/80 || >>>>>>>>>>>>>>>>>>>> || Loss :     0.0016 || Time : 661.169968 s
epoch: 72/80 || >>>>>>>>>>>>>>>>>>>> || Loss :     0.0014 || Time : 660.888519 s
epoch: 73/80 || >>>>>>>>>>>>>>>>>>>> || Loss :     0.0014 || Time : 660.751084 s
epoch: 74/80 || >>>>>>>>>>>>>>>>>>>> || Loss :     0.0015 || Time : 661.407987 s
epoch: 75/80 || >>>>>>>>>>>>>>>>>>>> || Loss :     0.0015 || Time : 661.434595 s
epoch: 76/80 || >>>>>>>>>>>>>>>>>>>> || Loss :     0.0013 || Time : 661.308096 s
epoch: 77/80 || >>>>>>>>>>>>>>>>>>>> || Loss :     0.0015 || Time : 662.810437 s
epoch: 78/80 || >>>>>>>>>>>>>>>>>>>> || Loss :     0.0014 || Time : 661.344694 s
epoch: 79/80 || >>>>>>>>>>>>>>>>>>>> || Loss :     0.0014 || Time : 661.244968 s
